<?xml version="1.0" encoding="UTF-8"?>
<!-- Generated by org.testng.reporters.JUnitXMLReporter -->
<testsuite ignored="0" hostname="VJ-ThinkVersion" failures="0" tests="3" name="Test" time="0.04" errors="0" timestamp="2022-05-24T07:43:48 IST">
  <testcase classname="sampmaven.HomeModuelTest" name="Searchbuses" time="0.009"/>
  <testcase classname="sampmaven.HomeModuelTest" name="TicketBooking" time="0.0"/>
  <testcase classname="sampmaven.HomeModuelTest" name="Ticketstatus" time="0.0"/>
</testsuite> <!-- Test -->
