<?xml version="1.0" encoding="UTF-8"?>
<!-- Generated by org.testng.reporters.JUnitXMLReporter -->
<testsuite ignored="0" hostname="VJ-ThinkVersion" failures="0" tests="5" name="Surefire test" time="7.675" errors="0" timestamp="2022-05-17T09:18:38 IST">
  <testcase classname="sampmaven.HomeModuelTest" name="Searchbuses" time="0.003"/>
  <testcase classname="sampmaven.HomeModuelTest" name="TicketBooking" time="0.0"/>
  <testcase classname="sampmaven.HomeModuelTest" name="Ticketstatus" time="0.001"/>
  <testcase classname="sampmaven.SignupModuleTest" name="Forgetpassword" time="0.001"/>
  <testcase classname="sampmaven.SignupModuleTest" name="WebLogin" time="7.636"/>
</testsuite> <!-- Surefire test -->
