<?xml version="1.0" encoding="UTF-8"?>
<testng-results ignored="0" total="3" passed="3" failed="0" skipped="0">
  <reporter-output>
  </reporter-output>
  <suite started-at="2022-05-24T07:43:48 IST" name="Suite" finished-at="2022-05-24T07:43:48 IST" duration-ms="40">
    <groups>
      <group name="smoke">
        <method signature="HomeModuelTest.Searchbuses()[pri:0, instance:sampmaven.HomeModuelTest@58326051]" name="Searchbuses" class="sampmaven.HomeModuelTest"/>
      </group> <!-- smoke -->
    </groups>
    <test started-at="2022-05-24T07:43:48 IST" name="Test" finished-at="2022-05-24T07:43:48 IST" duration-ms="40">
      <class name="sampmaven.HomeModuelTest">
        <test-method signature="Searchbuses()[pri:0, instance:sampmaven.HomeModuelTest@58326051]" started-at="2022-05-24T07:43:48 IST" name="Searchbuses" finished-at="2022-05-24T07:43:48 IST" duration-ms="9" status="PASS">
          <reporter-output>
          </reporter-output>
        </test-method> <!-- Searchbuses -->
        <test-method signature="TicketBooking()[pri:0, instance:sampmaven.HomeModuelTest@58326051]" started-at="2022-05-24T07:43:48 IST" name="TicketBooking" finished-at="2022-05-24T07:43:48 IST" duration-ms="0" status="PASS">
          <reporter-output>
          </reporter-output>
        </test-method> <!-- TicketBooking -->
        <test-method signature="Ticketstatus()[pri:0, instance:sampmaven.HomeModuelTest@58326051]" started-at="2022-05-24T07:43:48 IST" name="Ticketstatus" finished-at="2022-05-24T07:43:48 IST" duration-ms="0" status="PASS">
          <reporter-output>
          </reporter-output>
        </test-method> <!-- Ticketstatus -->
      </class> <!-- sampmaven.HomeModuelTest -->
    </test> <!-- Test -->
  </suite> <!-- Suite -->
</testng-results>
